android/app/build/outputs/logs/manifest-merger-debug-report.txt
-- Merging decision tree log ---
manifest
ADDED from src/main/AndroidManifest.xml:1:1-40:12
	package
		ADDED from src/main/AndroidManifest.xml:2:5-41
		INJECTED from src/main/AndroidManifest.xml
		INJECTED from src/main/AndroidManifest.xml
	android:versionName
		ADDED from src/main/AndroidManifest.xml:4:5-30
		INJECTED from src/main/AndroidManifest.xml
		INJECTED from src/main/AndroidManifest.xml
	android:versionCode
		ADDED from src/main/AndroidManifest.xml:3:5-28
		INJECTED from src/main/AndroidManifest.xml
		INJECTED from src/main/AndroidManifest.xml
	xmlns:android
		ADDED from src/main/AndroidManifest.xml:1:11-69
uses-permission#android.permission.INTERNET
ADDED from src/main/AndroidManifest.xml:6:5-67
	android:name
		ADDED from src/main/AndroidManifest.xml:6:22-64
uses-permission#android.permission.SYSTEM_ALERT_WINDOW
ADDED from src/main/AndroidManifest.xml:7:5-77
MERGED from [com.facebook.react:react-native:0.47.2] AndroidManifest.xml:11:5-78
	android:name
		ADDED from src/main/AndroidManifest.xml:7:22-75
uses-permission#android.permission.VIBRATE
ADDED from src/main/AndroidManifest.xml:8:5-65
	android:name
		ADDED from src/main/AndroidManifest.xml:8:22-63
uses-sdk
ADDED from src/main/AndroidManifest.xml:11:5-13:41
MERGED from [frontEndBookCheckOutV2:react-native-camera:unspecified] AndroidManifest.xml:7:5-9:41
MERGED from [com.facebook.react:react-native:0.47.2] AndroidManifest.xml:7:5-9:41
MERGED from [com.android.support:appcompat-v7:23.0.1] AndroidManifest.xml:20:5-43
MERGED from [com.android.support:support-v4:23.0.1] AndroidManifest.xml:20:5-43
MERGED from [com.facebook.fbui.textlayoutbuilder:textlayoutbuilder:1.0.0] AndroidManifest.xml:14:5-16:41
MERGED from [com.facebook.fresco:fresco:1.0.1] AndroidManifest.xml:5:5-7:41
MERGED from [com.facebook.fresco:drawee:1.0.1] AndroidManifest.xml:5:5-7:41
MERGED from [com.facebook.fresco:imagepipeline-okhttp3:1.0.1] AndroidManifest.xml:5:5-7:41
MERGED from [com.facebook.fresco:imagepipeline:1.0.1] AndroidManifest.xml:5:5-7:41
MERGED from [com.facebook.fresco:imagepipeline-base:1.0.1] AndroidManifest.xml:5:5-7:41
MERGED from [com.facebook.fresco:fbcore:1.0.1] AndroidManifest.xml:5:5-7:41
MERGED from [com.facebook.soloader:soloader:0.1.0] AndroidManifest.xml:2:3-70
	android:targetSdkVersion
		ADDED from src/main/AndroidManifest.xml:13:9-38
		INJECTED from src/main/AndroidManifest.xml
		INJECTED from src/main/AndroidManifest.xml
	android:minSdkVersion
		ADDED from src/main/AndroidManifest.xml:12:9-35
		INJECTED from src/main/AndroidManifest.xml
		INJECTED from src/main/AndroidManifest.xml
application
ADDED from src/main/AndroidManifest.xml:15:5-38:19
MERGED from [com.facebook.react:react-native:0.47.2] AndroidManifest.xml:13:5-20
MERGED from [com.android.support:appcompat-v7:23.0.1] AndroidManifest.xml:22:5-20
MERGED from [com.android.support:support-v4:23.0.1] AndroidManifest.xml:22:5-20
MERGED from [com.facebook.soloader:soloader:0.1.0] AndroidManifest.xml:3:3-17
MERGED from [org.webkit:android-jsc:r174650] AndroidManifest.xml:2:3-17
	android:label
		ADDED from src/main/AndroidManifest.xml:18:7-39
	android:allowBackup
		ADDED from src/main/AndroidManifest.xml:17:7-33
	android:icon
		ADDED from src/main/AndroidManifest.xml:19:7-41
	android:theme
		ADDED from src/main/AndroidManifest.xml:20:7-38
	android:name
		ADDED from src/main/AndroidManifest.xml:16:7-38
activity#com.frontendbookcheckoutv2.MainActivity
ADDED from src/main/AndroidManifest.xml:21:7-36:18
	android:label
		ADDED from src/main/AndroidManifest.xml:23:9-41
	android:windowSoftInputMode
		ADDED from src/main/AndroidManifest.xml:25:9-51
	android:configChanges
		ADDED from src/main/AndroidManifest.xml:24:9-79
	android:name
		ADDED from src/main/AndroidManifest.xml:22:9-37
intent-filter#android.intent.action.MAIN+android.intent.category.LAUNCHER
ADDED from src/main/AndroidManifest.xml:26:9-29:25
action#android.intent.action.MAIN
ADDED from src/main/AndroidManifest.xml:27:13-65
	android:name
		ADDED from src/main/AndroidManifest.xml:27:21-62
category#android.intent.category.LAUNCHER
ADDED from src/main/AndroidManifest.xml:28:13-73
	android:name
		ADDED from src/main/AndroidManifest.xml:28:23-70
intent-filter#android.intent.action.VIEW+android.intent.category.BROWSABLE+android.intent.category.DEFAULT
ADDED from src/main/AndroidManifest.xml:30:9-35:25
	android:label
		ADDED from src/main/AndroidManifest.xml:30:24-52
action#android.intent.action.VIEW
ADDED from src/main/AndroidManifest.xml:31:11-63
	android:name
		ADDED from src/main/AndroidManifest.xml:31:19-60
category#android.intent.category.DEFAULT
ADDED from src/main/AndroidManifest.xml:32:11-70
	android:name
		ADDED from src/main/AndroidManifest.xml:32:21-67
category#android.intent.category.BROWSABLE
ADDED from src/main/AndroidManifest.xml:33:11-72
	android:name
		ADDED from src/main/AndroidManifest.xml:33:21-69
data
ADDED from src/main/AndroidManifest.xml:34:11-71
	android:host
		ADDED from src/main/AndroidManifest.xml:34:39-69
	android:scheme
		ADDED from src/main/AndroidManifest.xml:34:17-38
activity#com.facebook.react.devsupport.DevSettingsActivity
ADDED from src/main/AndroidManifest.xml:37:7-84
	android:name
		ADDED from src/main/AndroidManifest.xml:37:17-81
uses-permission#android.permission.CAMERA
ADDED from [frontEndBookCheckOutV2:react-native-camera:unspecified] AndroidManifest.xml:11:5-65
	android:name
		ADDED from [frontEndBookCheckOutV2:react-native-camera:unspecified] AndroidManifest.xml:11:22-62
uses-feature#android.hardware.camera
ADDED from [frontEndBookCheckOutV2:react-native-camera:unspecified] AndroidManifest.xml:13:5-15:36
	android:required
		ADDED from [frontEndBookCheckOutV2:react-native-camera:unspecified] AndroidManifest.xml:15:9-33
	android:name
		ADDED from [frontEndBookCheckOutV2:react-native-camera:unspecified] AndroidManifest.xml:14:9-47
uses-feature#android.hardware.camera.autofocus
ADDED from [frontEndBookCheckOutV2:react-native-camera:unspecified] AndroidManifest.xml:16:5-18:36
	android:required
		ADDED from [frontEndBookCheckOutV2:react-native-camera:unspecified] AndroidManifest.xml:18:9-33
	android:name
		ADDED from [frontEndBookCheckOutV2:react-native-camera:unspecified] AndroidManifest.xml:17:9-57
android:uses-permission#android.permission.WRITE_EXTERNAL_STORAGE
IMPLIED from src/main/AndroidManifest.xml:1:1-40:12 reason: org.webkit.android_jsc has a targetSdkVersion < 4
android:uses-permission#android.permission.READ_PHONE_STATE
IMPLIED from src/main/AndroidManifest.xml:1:1-40:12 reason: org.webkit.android_jsc has a targetSdkVersion < 4
android:uses-permission#android.permission.READ_EXTERNAL_STORAGE
IMPLIED from src/main/AndroidManifest.xml:1:1-40:12 reason: org.webkit.android_jsc requested WRITE_EXTERNAL_STORAGE